Jul 31, 2016 4:40:29 PM logging.MasterLogger saveLog
INFO: Master started at 2016-07-31T16:40:28.554
Jul 31, 2016 4:41:10 PM logging.MasterLogger saveLog
INFO: Start distributing work units at 2016-07-31T16:41:10.563
Jul 31, 2016 4:58:39 PM logging.MasterLogger saveLog
INFO: Responses received and integrated at 2016-07-31T16:58:39.602
Jul 31, 2016 5:43:46 PM logging.MasterLogger saveLog
INFO: Master started at 2016-07-31T17:43:45.994
Jul 31, 2016 5:44:16 PM logging.MasterLogger saveLog
INFO: Start distributing work units at 2016-07-31T17:44:16.782
Jul 31, 2016 5:47:06 PM logging.MasterLogger saveLog
INFO: Master started at 2016-07-31T17:47:05.825
Jul 31, 2016 5:47:37 PM logging.MasterLogger saveLog
INFO: Start distributing work units at 2016-07-31T17:47:37.131
Jul 31, 2016 5:55:22 PM logging.MasterLogger saveLog
INFO: Master started at 2016-07-31T17:55:22.357
Jul 31, 2016 5:55:31 PM logging.MasterLogger saveLog
INFO: Start distributing work units at 2016-07-31T17:55:31.596
Jul 31, 2016 6:03:13 PM logging.MasterLogger saveLog
INFO: Responses received and integrated at 2016-07-31T18:03:13.798
Jul 31, 2016 6:04:23 PM logging.MasterLogger saveLog
INFO: Master started at 2016-07-31T18:04:23.054
Jul 31, 2016 6:04:36 PM logging.MasterLogger saveLog
INFO: Start distributing work units at 2016-07-31T18:04:36.219
Jul 31, 2016 6:16:10 PM logging.MasterLogger saveLog
INFO: Master started at 2016-07-31T18:16:10.055
Jul 31, 2016 6:16:26 PM logging.MasterLogger saveLog
INFO: Start distributing work units at 2016-07-31T18:16:26.338
Jul 31, 2016 6:18:59 PM logging.MasterLogger saveLog
INFO: Master started at 2016-07-31T18:18:59.917
Jul 31, 2016 6:19:09 PM logging.MasterLogger saveLog
INFO: Start distributing work units at 2016-07-31T18:19:09.010
Jul 31, 2016 6:20:38 PM logging.MasterLogger saveLog
INFO: Master started at 2016-07-31T18:20:38.495
Jul 31, 2016 6:20:50 PM logging.MasterLogger saveLog
INFO: Start distributing work units at 2016-07-31T18:20:50.136
Jul 31, 2016 6:20:51 PM logging.MasterLogger saveLog
INFO: Responses received and integrated at 2016-07-31T18:20:51.037
Jul 31, 2016 6:21:12 PM logging.MasterLogger saveLog
INFO: Master started at 2016-07-31T18:21:12.172
Jul 31, 2016 6:21:21 PM logging.MasterLogger saveLog
INFO: Start distributing work units at 2016-07-31T18:21:21.455
Jul 31, 2016 6:21:22 PM logging.MasterLogger saveLog
INFO: Responses received and integrated at 2016-07-31T18:21:22.329
Jul 31, 2016 6:21:33 PM logging.MasterLogger saveLog
INFO: Master started at 2016-07-31T18:21:33.828
Jul 31, 2016 6:21:47 PM logging.MasterLogger saveLog
INFO: Start distributing work units at 2016-07-31T18:21:47.789
Jul 31, 2016 6:32:56 PM logging.MasterLogger saveLog
INFO: Master started at 2016-07-31T18:32:56.500
Jul 31, 2016 6:33:11 PM logging.MasterLogger saveLog
INFO: Start distributing work units at 2016-07-31T18:33:11.306
Jul 31, 2016 6:45:32 PM logging.MasterLogger saveLog
INFO: Responses received and integrated at 2016-07-31T18:45:32.759
Jul 31, 2016 7:04:34 PM logging.MasterLogger saveLog
INFO: Master started at 2016-07-31T19:04:34.743
Jul 31, 2016 7:04:43 PM logging.MasterLogger saveLog
INFO: Start distributing work units at 2016-07-31T19:04:43.868
Jul 31, 2016 7:04:44 PM logging.MasterLogger saveLog
INFO: Responses received and integrated at 2016-07-31T19:04:44.995
Aug 03, 2016 2:31:04 PM logging.MasterLogger saveLog
INFO: Master started at 2016-08-03T14:31:04.766
Aug 03, 2016 2:32:03 PM logging.MasterLogger saveLog
INFO: Start distributing work units at 2016-08-03T14:32:03.067
Aug 03, 2016 2:32:54 PM logging.MasterLogger saveLog
INFO: Master started at 2016-08-03T14:32:54.256
Aug 03, 2016 2:33:03 PM logging.MasterLogger saveLog
INFO: Start distributing work units at 2016-08-03T14:33:03.139
Aug 03, 2016 2:33:04 PM logging.MasterLogger saveLog
INFO: Responses received and integrated at 2016-08-03T14:33:04.829
Aug 03, 2016 5:19:23 PM logging.MasterLogger saveLog
INFO: Master started at 2016-08-03T17:19:23.658
Aug 03, 2016 5:20:31 PM logging.MasterLogger saveLog
INFO: Start distributing work units at 2016-08-03T17:20:31.212
Aug 03, 2016 5:20:32 PM logging.MasterLogger saveLog
INFO: Responses received and integrated at 2016-08-03T17:20:32.659
Aug 03, 2016 5:33:37 PM logging.MasterLogger saveLog
INFO: Master started at 2016-08-03T17:33:37.905
Aug 03, 2016 5:33:49 PM logging.MasterLogger saveLog
INFO: Start distributing work units at 2016-08-03T17:33:49.410
Aug 03, 2016 5:33:50 PM logging.MasterLogger saveLog
INFO: Responses received and integrated at 2016-08-03T17:33:50.818
